{"ts":"2025-09-05T12:43:38+09:00","session_id":"2025-09-05-1243","qid":152,"category":"linux","user":"B","correct":false}
{"ts":"2025-09-05T12:43:38+09:00","session_id":"2025-09-05-1243","qid":102,"category":"linux","user":"B","correct":true}
{"ts":"2025-09-05T12:43:38+09:00","session_id":"2025-09-05-1243","qid":193,"category":"network","user":"B","correct":true}
{"ts":"2025-09-05T12:43:38+09:00","session_id":"2025-09-05-1243","qid":197,"category":"vmware","user":"B","correct":true}
{"ts":"2025-09-05T12:43:38+09:00","session_id":"2025-09-05-1243","qid":130,"category":"vmware","user":"B","correct":false}
{"ts":"2025-09-05T14:00:40+09:00","session_id":"2025-09-05-1400","qid":170,"category":"aws","user":"B","correct":true}
{"ts":"2025-09-05T14:00:40+09:00","session_id":"2025-09-05-1400","qid":197,"category":"vmware","user":"B","correct":true}
{"ts":"2025-09-05T14:00:40+09:00","session_id":"2025-09-05-1400","qid":145,"category":"shell","user":"B","correct":true}
{"ts":"2025-09-05T14:00:40+09:00","session_id":"2025-09-05-1400","qid":133,"category":"k8s","user":"A","correct":true}
{"ts":"2025-09-05T14:00:40+09:00","session_id":"2025-09-05-1400","qid":108,"category":"linux","user":"D","correct":false}
{"ts":"2025-09-05T14:07:15+09:00","session_id":"2025-09-05-1407","qid":186,"category":"vmware","user":"B","correct":true}
{"ts":"2025-09-05T14:07:15+09:00","session_id":"2025-09-05-1407","qid":111,"category":"shell","user":"C","correct":false}
{"ts":"2025-09-05T14:07:15+09:00","session_id":"2025-09-05-1407","qid":120,"category":"network","user":"B","correct":true}
{"ts":"2025-09-05T14:07:15+09:00","session_id":"2025-09-05-1407","qid":141,"category":"linux","user":"C","correct":false}
{"ts":"2025-09-05T14:07:15+09:00","session_id":"2025-09-05-1407","qid":181,"category":"linux","user":"B","correct":true}
{"ts":"2025-09-05T14:26:55+09:00","session_id":"2025-09-05-1426","qid":115,"category":"shell","user":"C","correct":true}
{"ts":"2025-09-05T14:26:55+09:00","session_id":"2025-09-05-1426","qid":175,"category":"linux","user":"B","correct":false}
{"ts":"2025-09-05T14:26:55+09:00","session_id":"2025-09-05-1426","qid":108,"category":"linux","user":"D","correct":false}
{"ts":"2025-09-05T14:26:55+09:00","session_id":"2025-09-05-1426","qid":128,"category":"vmware","user":"A","correct":true}
{"ts":"2025-09-05T14:26:55+09:00","session_id":"2025-09-05-1426","qid":199,"category":"shell","user":"A","correct":true}
